2021-04-19 14:36:09.316  INFO 18764 --- [main] c.s.spaceshark.ParksharkApplication      : Starting ParksharkApplication using Java 15.0.2 on FIN-1RR9TT2 with PID 18764 (C:\_development\.projects\Switchfully\test\parkshark\target\classes started by jdebra in C:\_development\.projects\Switchfully\test\parkshark)
2021-04-19 14:36:09.324  INFO 18764 --- [main] c.s.spaceshark.ParksharkApplication      : No active profile set, falling back to default profiles: default
2021-04-19 14:36:10.976  INFO 18764 --- [main] .s.d.r.c.RepositoryConfigurationDelegate : Bootstrapping Spring Data JPA repositories in DEFAULT mode.
2021-04-19 14:36:11.001  INFO 18764 --- [main] .s.d.r.c.RepositoryConfigurationDelegate : Finished Spring Data repository scanning in 7 ms. Found 0 JPA repository interfaces.
2021-04-19 14:36:11.814  INFO 18764 --- [main] com.zaxxer.hikari.HikariDataSource       : HikariPool-1 - Starting...
2021-04-19 14:36:12.979  INFO 18764 --- [main] com.zaxxer.hikari.HikariDataSource       : HikariPool-1 - Start completed.
2021-04-19 14:36:13.093  INFO 18764 --- [main] o.hibernate.jpa.internal.util.LogHelper  : HHH000204: Processing PersistenceUnitInfo [name: default]
2021-04-19 14:36:13.332  INFO 18764 --- [main] org.hibernate.Version                    : HHH000412: Hibernate ORM core version 5.4.30.Final
2021-04-19 14:36:13.751  INFO 18764 --- [main] o.hibernate.annotations.common.Version   : HCANN000001: Hibernate Commons Annotations {5.1.2.Final}
2021-04-19 14:36:14.033  INFO 18764 --- [main] org.hibernate.dialect.Dialect            : HHH000400: Using dialect: org.hibernate.dialect.PostgreSQL10Dialect
2021-04-19 14:36:14.721  INFO 18764 --- [main] o.h.e.t.j.p.i.JtaPlatformInitiator       : HHH000490: Using JtaPlatform implementation: [org.hibernate.engine.transaction.jta.platform.internal.NoJtaPlatform]
2021-04-19 14:36:14.739  INFO 18764 --- [main] j.LocalContainerEntityManagerFactoryBean : Initialized JPA EntityManagerFactory for persistence unit 'default'
2021-04-19 14:36:14.930  INFO 18764 --- [main] c.s.spaceshark.ParksharkApplication      : Started ParksharkApplication in 6.76 seconds (JVM running for 8.906)
2021-04-19 14:36:14.945  INFO 18764 --- [SpringContextShutdownHook] j.LocalContainerEntityManagerFactoryBean : Closing JPA EntityManagerFactory for persistence unit 'default'
2021-04-19 14:36:14.969  INFO 18764 --- [SpringContextShutdownHook] com.zaxxer.hikari.HikariDataSource       : HikariPool-1 - Shutdown initiated...
2021-04-19 14:36:15.159  INFO 18764 --- [SpringContextShutdownHook] com.zaxxer.hikari.HikariDataSource       : HikariPool-1 - Shutdown completed.
2021-04-19 14:37:33.041  INFO 17904 --- [main] c.s.spaceshark.ParksharkApplication      : Starting ParksharkApplication using Java 15.0.2 on FIN-1RR9TT2 with PID 17904 (C:\_development\.projects\Switchfully\test\parkshark\target\classes started by jdebra in C:\_development\.projects\Switchfully\test\parkshark)
2021-04-19 14:37:33.054  INFO 17904 --- [main] c.s.spaceshark.ParksharkApplication      : No active profile set, falling back to default profiles: default
2021-04-19 14:37:35.193  INFO 17904 --- [main] .s.d.r.c.RepositoryConfigurationDelegate : Bootstrapping Spring Data JPA repositories in DEFAULT mode.
2021-04-19 14:37:35.310  INFO 17904 --- [main] .s.d.r.c.RepositoryConfigurationDelegate : Finished Spring Data repository scanning in 35 ms. Found 0 JPA repository interfaces.
2021-04-19 14:37:36.937  INFO 17904 --- [main] com.zaxxer.hikari.HikariDataSource       : HikariPool-1 - Starting...
2021-04-19 14:37:38.221  INFO 17904 --- [main] com.zaxxer.hikari.HikariDataSource       : HikariPool-1 - Start completed.
2021-04-19 14:37:38.445  INFO 17904 --- [main] o.hibernate.jpa.internal.util.LogHelper  : HHH000204: Processing PersistenceUnitInfo [name: default]
2021-04-19 14:37:38.722  INFO 17904 --- [main] org.hibernate.Version                    : HHH000412: Hibernate ORM core version 5.4.30.Final
2021-04-19 14:37:39.248  INFO 17904 --- [main] o.hibernate.annotations.common.Version   : HCANN000001: Hibernate Commons Annotations {5.1.2.Final}
2021-04-19 14:37:39.620  INFO 17904 --- [main] org.hibernate.dialect.Dialect            : HHH000400: Using dialect: org.hibernate.dialect.PostgreSQL10Dialect
2021-04-19 14:37:40.308  INFO 17904 --- [main] o.h.e.t.j.p.i.JtaPlatformInitiator       : HHH000490: Using JtaPlatform implementation: [org.hibernate.engine.transaction.jta.platform.internal.NoJtaPlatform]
2021-04-19 14:37:40.342  INFO 17904 --- [main] j.LocalContainerEntityManagerFactoryBean : Initialized JPA EntityManagerFactory for persistence unit 'default'
2021-04-19 14:37:40.875  INFO 17904 --- [main] c.s.spaceshark.ParksharkApplication      : Started ParksharkApplication in 10.147 seconds (JVM running for 13.532)
2021-04-19 14:37:40.915  INFO 17904 --- [SpringContextShutdownHook] j.LocalContainerEntityManagerFactoryBean : Closing JPA EntityManagerFactory for persistence unit 'default'
2021-04-19 14:37:40.934  INFO 17904 --- [SpringContextShutdownHook] com.zaxxer.hikari.HikariDataSource       : HikariPool-1 - Shutdown initiated...
2021-04-19 14:37:41.167  INFO 17904 --- [SpringContextShutdownHook] com.zaxxer.hikari.HikariDataSource       : HikariPool-1 - Shutdown completed.
2021-04-19 14:39:05.247  INFO 8372 --- [main] c.s.spaceshark.ParksharkApplication      : Starting ParksharkApplication using Java 15.0.2 on FIN-1RR9TT2 with PID 8372 (C:\_development\.projects\Switchfully\test\parkshark\target\classes started by jdebra in C:\_development\.projects\Switchfully\test\parkshark)
2021-04-19 14:39:05.256  INFO 8372 --- [main] c.s.spaceshark.ParksharkApplication      : No active profile set, falling back to default profiles: default
2021-04-19 14:39:06.875  INFO 8372 --- [main] .s.d.r.c.RepositoryConfigurationDelegate : Bootstrapping Spring Data JPA repositories in DEFAULT mode.
2021-04-19 14:39:06.951  INFO 8372 --- [main] .s.d.r.c.RepositoryConfigurationDelegate : Finished Spring Data repository scanning in 34 ms. Found 0 JPA repository interfaces.
2021-04-19 14:39:10.416  INFO 8372 --- [main] com.zaxxer.hikari.HikariDataSource       : HikariPool-1 - Starting...
2021-04-19 14:39:11.641  INFO 8372 --- [main] com.zaxxer.hikari.HikariDataSource       : HikariPool-1 - Start completed.
2021-04-19 14:39:11.810  INFO 8372 --- [main] o.hibernate.jpa.internal.util.LogHelper  : HHH000204: Processing PersistenceUnitInfo [name: default]
2021-04-19 14:39:12.000  INFO 8372 --- [main] org.hibernate.Version                    : HHH000412: Hibernate ORM core version 5.4.30.Final
2021-04-19 14:39:12.408  INFO 8372 --- [main] o.hibernate.annotations.common.Version   : HCANN000001: Hibernate Commons Annotations {5.1.2.Final}
2021-04-19 14:39:12.708  INFO 8372 --- [main] org.hibernate.dialect.Dialect            : HHH000400: Using dialect: org.hibernate.dialect.PostgreSQL10Dialect
2021-04-19 14:39:13.385  INFO 8372 --- [main] o.h.e.t.j.p.i.JtaPlatformInitiator       : HHH000490: Using JtaPlatform implementation: [org.hibernate.engine.transaction.jta.platform.internal.NoJtaPlatform]
2021-04-19 14:39:13.404  INFO 8372 --- [main] j.LocalContainerEntityManagerFactoryBean : Initialized JPA EntityManagerFactory for persistence unit 'default'
2021-04-19 14:39:13.759  INFO 8372 --- [main] c.s.spaceshark.ParksharkApplication      : Started ParksharkApplication in 10.092 seconds (JVM running for 12.58)
2021-04-19 14:39:13.765  INFO 8372 --- [SpringContextShutdownHook] j.LocalContainerEntityManagerFactoryBean : Closing JPA EntityManagerFactory for persistence unit 'default'
2021-04-19 14:39:13.772  INFO 8372 --- [SpringContextShutdownHook] com.zaxxer.hikari.HikariDataSource       : HikariPool-1 - Shutdown initiated...
2021-04-19 14:39:13.930  INFO 8372 --- [SpringContextShutdownHook] com.zaxxer.hikari.HikariDataSource       : HikariPool-1 - Shutdown completed.
2021-04-19 14:41:07.487  INFO 11040 --- [main] c.s.spaceshark.ParksharkApplication      : Starting ParksharkApplication using Java 15.0.2 on FIN-1RR9TT2 with PID 11040 (C:\_development\.projects\Switchfully\test\parkshark\target\classes started by jdebra in C:\_development\.projects\Switchfully\test\parkshark)
2021-04-19 14:41:07.492  INFO 11040 --- [main] c.s.spaceshark.ParksharkApplication      : No active profile set, falling back to default profiles: default
2021-04-19 14:41:09.830  INFO 11040 --- [main] .s.d.r.c.RepositoryConfigurationDelegate : Bootstrapping Spring Data JPA repositories in DEFAULT mode.
2021-04-19 14:41:09.949  INFO 11040 --- [main] .s.d.r.c.RepositoryConfigurationDelegate : Finished Spring Data repository scanning in 25 ms. Found 0 JPA repository interfaces.
2021-04-19 14:41:12.041  INFO 11040 --- [main] com.zaxxer.hikari.HikariDataSource       : HikariPool-1 - Starting...
2021-04-19 14:41:13.375  INFO 11040 --- [main] com.zaxxer.hikari.HikariDataSource       : HikariPool-1 - Start completed.
2021-04-19 14:41:13.524  INFO 11040 --- [main] o.hibernate.jpa.internal.util.LogHelper  : HHH000204: Processing PersistenceUnitInfo [name: default]
2021-04-19 14:41:13.677  INFO 11040 --- [main] org.hibernate.Version                    : HHH000412: Hibernate ORM core version 5.4.30.Final
2021-04-19 14:41:14.017  INFO 11040 --- [main] o.hibernate.annotations.common.Version   : HCANN000001: Hibernate Commons Annotations {5.1.2.Final}
2021-04-19 14:41:14.376  INFO 11040 --- [main] org.hibernate.dialect.Dialect            : HHH000400: Using dialect: org.hibernate.dialect.PostgreSQL10Dialect
2021-04-19 14:41:15.087  INFO 11040 --- [main] o.h.e.t.j.p.i.JtaPlatformInitiator       : HHH000490: Using JtaPlatform implementation: [org.hibernate.engine.transaction.jta.platform.internal.NoJtaPlatform]
2021-04-19 14:41:15.118  INFO 11040 --- [main] j.LocalContainerEntityManagerFactoryBean : Initialized JPA EntityManagerFactory for persistence unit 'default'
2021-04-19 14:41:15.904  INFO 11040 --- [main] c.s.spaceshark.ParksharkApplication      : Started ParksharkApplication in 10.749 seconds (JVM running for 13.969)
2021-04-19 14:41:15.925  INFO 11040 --- [SpringContextShutdownHook] j.LocalContainerEntityManagerFactoryBean : Closing JPA EntityManagerFactory for persistence unit 'default'
2021-04-19 14:41:15.934  INFO 11040 --- [SpringContextShutdownHook] com.zaxxer.hikari.HikariDataSource       : HikariPool-1 - Shutdown initiated...
2021-04-19 14:41:15.980  INFO 11040 --- [SpringContextShutdownHook] com.zaxxer.hikari.HikariDataSource       : HikariPool-1 - Shutdown completed.
2021-04-19 14:41:42.053  INFO 4636 --- [main] c.s.spaceshark.ParksharkApplication      : Starting ParksharkApplication using Java 15.0.2 on FIN-1RR9TT2 with PID 4636 (C:\_development\.projects\Switchfully\test\parkshark\target\classes started by jdebra in C:\_development\.projects\Switchfully\test\parkshark)
2021-04-19 14:41:42.088  INFO 4636 --- [main] c.s.spaceshark.ParksharkApplication      : No active profile set, falling back to default profiles: default
2021-04-19 14:41:46.535  INFO 4636 --- [main] .s.d.r.c.RepositoryConfigurationDelegate : Bootstrapping Spring Data JPA repositories in DEFAULT mode.
2021-04-19 14:41:46.644  INFO 4636 --- [main] .s.d.r.c.RepositoryConfigurationDelegate : Finished Spring Data repository scanning in 54 ms. Found 0 JPA repository interfaces.
2021-04-19 14:41:48.209  INFO 4636 --- [main] com.zaxxer.hikari.HikariDataSource       : HikariPool-1 - Starting...
2021-04-19 14:41:49.775  INFO 4636 --- [main] com.zaxxer.hikari.HikariDataSource       : HikariPool-1 - Start completed.
2021-04-19 14:41:49.901  INFO 4636 --- [main] o.hibernate.jpa.internal.util.LogHelper  : HHH000204: Processing PersistenceUnitInfo [name: default]
2021-04-19 14:41:50.113  INFO 4636 --- [main] org.hibernate.Version                    : HHH000412: Hibernate ORM core version 5.4.30.Final
2021-04-19 14:41:50.456  INFO 4636 --- [main] o.hibernate.annotations.common.Version   : HCANN000001: Hibernate Commons Annotations {5.1.2.Final}
2021-04-19 14:41:50.807  INFO 4636 --- [main] org.hibernate.dialect.Dialect            : HHH000400: Using dialect: org.hibernate.dialect.PostgreSQL10Dialect
2021-04-19 14:41:51.517  INFO 4636 --- [main] o.h.e.t.j.p.i.JtaPlatformInitiator       : HHH000490: Using JtaPlatform implementation: [org.hibernate.engine.transaction.jta.platform.internal.NoJtaPlatform]
2021-04-19 14:41:51.549  INFO 4636 --- [main] j.LocalContainerEntityManagerFactoryBean : Initialized JPA EntityManagerFactory for persistence unit 'default'
2021-04-19 14:41:51.953  INFO 4636 --- [main] c.s.spaceshark.ParksharkApplication      : Started ParksharkApplication in 12.208 seconds (JVM running for 14.956)
2021-04-19 14:41:51.972  INFO 4636 --- [SpringContextShutdownHook] j.LocalContainerEntityManagerFactoryBean : Closing JPA EntityManagerFactory for persistence unit 'default'
2021-04-19 14:41:51.978  INFO 4636 --- [SpringContextShutdownHook] com.zaxxer.hikari.HikariDataSource       : HikariPool-1 - Shutdown initiated...
2021-04-19 14:41:52.103  INFO 4636 --- [SpringContextShutdownHook] com.zaxxer.hikari.HikariDataSource       : HikariPool-1 - Shutdown completed.
2021-04-19 14:47:34.955  INFO 9408 --- [main] c.s.spaceshark.ParksharkApplication      : Starting ParksharkApplication using Java 15.0.2 on FIN-1RR9TT2 with PID 9408 (C:\_development\.projects\Switchfully\test\parkshark\application\target\classes started by jdebra in C:\_development\.projects\Switchfully\test\parkshark)
2021-04-19 14:47:35.021  INFO 9408 --- [main] c.s.spaceshark.ParksharkApplication      : No active profile set, falling back to default profiles: default
2021-04-19 14:47:37.774  INFO 9408 --- [main] o.s.b.w.embedded.tomcat.TomcatWebServer  : Tomcat initialized with port(s): 8080 (http)
2021-04-19 14:47:37.794  INFO 9408 --- [main] o.apache.catalina.core.StandardService   : Starting service [Tomcat]
2021-04-19 14:47:37.796  INFO 9408 --- [main] org.apache.catalina.core.StandardEngine  : Starting Servlet engine: [Apache Tomcat/9.0.45]
2021-04-19 14:47:37.931  INFO 9408 --- [main] o.a.c.c.C.[Tomcat].[localhost].[/]       : Initializing Spring embedded WebApplicationContext
2021-04-19 14:47:37.931  INFO 9408 --- [main] w.s.c.ServletWebServerApplicationContext : Root WebApplicationContext: initialization completed in 2759 ms
2021-04-19 14:47:38.525  INFO 9408 --- [main] o.s.s.concurrent.ThreadPoolTaskExecutor  : Initializing ExecutorService 'applicationTaskExecutor'
2021-04-19 14:47:38.990  INFO 9408 --- [main] o.s.b.w.embedded.tomcat.TomcatWebServer  : Tomcat started on port(s): 8080 (http) with context path ''
2021-04-19 14:47:39.021  INFO 9408 --- [main] c.s.spaceshark.ParksharkApplication      : Started ParksharkApplication in 5.15 seconds (JVM running for 6.94)
2021-04-19 14:47:44.235  INFO 9408 --- [http-nio-8080-exec-1] o.a.c.c.C.[Tomcat].[localhost].[/]       : Initializing Spring DispatcherServlet 'dispatcherServlet'
2021-04-19 14:47:44.236  INFO 9408 --- [http-nio-8080-exec-1] o.s.web.servlet.DispatcherServlet        : Initializing Servlet 'dispatcherServlet'
2021-04-19 14:47:44.238  INFO 9408 --- [http-nio-8080-exec-1] o.s.web.servlet.DispatcherServlet        : Completed initialization in 1 ms
2021-04-19 16:10:15.883  INFO 12824 --- [main] c.s.spaceshark.ParksharkApplication      : Starting ParksharkApplication using Java 15.0.2 on FIN-1RR9TT2 with PID 12824 (C:\_development\.projects\Switchfully\test\parkshark\target\classes started by jdebra in C:\_development\.projects\Switchfully\test\parkshark)
2021-04-19 16:10:15.887  INFO 12824 --- [main] c.s.spaceshark.ParksharkApplication      : No active profile set, falling back to default profiles: default
2021-04-19 16:10:18.045  INFO 12824 --- [main] o.s.b.w.embedded.tomcat.TomcatWebServer  : Tomcat initialized with port(s): 8080 (http)
2021-04-19 16:10:18.070  INFO 12824 --- [main] o.apache.catalina.core.StandardService   : Starting service [Tomcat]
2021-04-19 16:10:18.071  INFO 12824 --- [main] org.apache.catalina.core.StandardEngine  : Starting Servlet engine: [Apache Tomcat/9.0.45]
2021-04-19 16:10:18.185  INFO 12824 --- [main] o.a.c.c.C.[Tomcat].[localhost].[/]       : Initializing Spring embedded WebApplicationContext
2021-04-19 16:10:18.185  INFO 12824 --- [main] w.s.c.ServletWebServerApplicationContext : Root WebApplicationContext: initialization completed in 2048 ms
2021-04-19 16:10:18.686  INFO 12824 --- [main] o.s.s.concurrent.ThreadPoolTaskExecutor  : Initializing ExecutorService 'applicationTaskExecutor'
2021-04-19 16:10:19.165  INFO 12824 --- [main] o.s.b.w.embedded.tomcat.TomcatWebServer  : Tomcat started on port(s): 8080 (http) with context path ''
2021-04-19 16:10:19.190  INFO 12824 --- [main] c.s.spaceshark.ParksharkApplication      : Started ParksharkApplication in 5.277 seconds (JVM running for 8.023)
2021-04-19 16:11:51.011  INFO 4516 --- [main] c.s.spaceshark.ParksharkApplication      : Starting ParksharkApplication using Java 15.0.2 on FIN-1RR9TT2 with PID 4516 (C:\_development\.projects\Switchfully\test\parkshark\target\classes started by jdebra in C:\_development\.projects\Switchfully\test\parkshark)
2021-04-19 16:11:51.016  INFO 4516 --- [main] c.s.spaceshark.ParksharkApplication      : No active profile set, falling back to default profiles: default
2021-04-19 16:11:52.380  INFO 4516 --- [main] o.s.b.w.embedded.tomcat.TomcatWebServer  : Tomcat initialized with port(s): 8080 (http)
2021-04-19 16:11:52.391  INFO 4516 --- [main] o.apache.catalina.core.StandardService   : Starting service [Tomcat]
2021-04-19 16:11:52.392  INFO 4516 --- [main] org.apache.catalina.core.StandardEngine  : Starting Servlet engine: [Apache Tomcat/9.0.45]
2021-04-19 16:11:52.509  INFO 4516 --- [main] o.a.c.c.C.[Tomcat].[localhost].[/]       : Initializing Spring embedded WebApplicationContext
2021-04-19 16:11:52.510  INFO 4516 --- [main] w.s.c.ServletWebServerApplicationContext : Root WebApplicationContext: initialization completed in 1364 ms
2021-04-19 16:11:52.836  INFO 4516 --- [main] o.s.s.concurrent.ThreadPoolTaskExecutor  : Initializing ExecutorService 'applicationTaskExecutor'
2021-04-19 16:11:53.121  INFO 4516 --- [main] o.s.b.w.embedded.tomcat.TomcatWebServer  : Tomcat started on port(s): 8080 (http) with context path ''
2021-04-19 16:11:53.135  INFO 4516 --- [main] c.s.spaceshark.ParksharkApplication      : Started ParksharkApplication in 3.015 seconds (JVM running for 4.574)
2021-04-19 16:12:33.621  INFO 3908 --- [main] c.s.spaceshark.ParksharkApplication      : Starting ParksharkApplication using Java 15.0.2 on FIN-1RR9TT2 with PID 3908 (C:\_development\.projects\Switchfully\test\parkshark\target\classes started by jdebra in C:\_development\.projects\Switchfully\test\parkshark)
2021-04-19 16:12:33.633  INFO 3908 --- [main] c.s.spaceshark.ParksharkApplication      : No active profile set, falling back to default profiles: default
2021-04-19 16:12:35.610  INFO 3908 --- [main] o.s.b.w.embedded.tomcat.TomcatWebServer  : Tomcat initialized with port(s): 8080 (http)
2021-04-19 16:12:35.620  INFO 3908 --- [main] o.apache.catalina.core.StandardService   : Starting service [Tomcat]
2021-04-19 16:12:35.621  INFO 3908 --- [main] org.apache.catalina.core.StandardEngine  : Starting Servlet engine: [Apache Tomcat/9.0.45]
2021-04-19 16:12:35.692  INFO 3908 --- [main] o.a.c.c.C.[Tomcat].[localhost].[/]       : Initializing Spring embedded WebApplicationContext
2021-04-19 16:12:35.692  INFO 3908 --- [main] w.s.c.ServletWebServerApplicationContext : Root WebApplicationContext: initialization completed in 1685 ms
2021-04-19 16:12:36.009  INFO 3908 --- [main] o.s.s.concurrent.ThreadPoolTaskExecutor  : Initializing ExecutorService 'applicationTaskExecutor'
2021-04-19 16:12:36.207  INFO 3908 --- [main] o.s.b.w.embedded.tomcat.TomcatWebServer  : Tomcat started on port(s): 8080 (http) with context path ''
2021-04-19 16:12:36.219  INFO 3908 --- [main] c.s.spaceshark.ParksharkApplication      : Started ParksharkApplication in 3.997 seconds (JVM running for 5.523)
2021-04-19 16:13:51.111  INFO 3132 --- [main] c.s.spaceshark.ParksharkApplication      : Starting ParksharkApplication using Java 15.0.2 on FIN-1RR9TT2 with PID 3132 (C:\_development\.projects\Switchfully\test\parkshark\target\classes started by jdebra in C:\_development\.projects\Switchfully\test\parkshark)
2021-04-19 16:13:51.116  INFO 3132 --- [main] c.s.spaceshark.ParksharkApplication      : No active profile set, falling back to default profiles: default
2021-04-19 16:13:52.339  INFO 3132 --- [main] o.s.b.w.embedded.tomcat.TomcatWebServer  : Tomcat initialized with port(s): 8080 (http)
2021-04-19 16:13:52.350  INFO 3132 --- [main] o.apache.catalina.core.StandardService   : Starting service [Tomcat]
2021-04-19 16:13:52.351  INFO 3132 --- [main] org.apache.catalina.core.StandardEngine  : Starting Servlet engine: [Apache Tomcat/9.0.45]
2021-04-19 16:13:52.422  INFO 3132 --- [main] o.a.c.c.C.[Tomcat].[localhost].[/]       : Initializing Spring embedded WebApplicationContext
2021-04-19 16:13:52.423  INFO 3132 --- [main] w.s.c.ServletWebServerApplicationContext : Root WebApplicationContext: initialization completed in 1214 ms
2021-04-19 16:13:52.733  INFO 3132 --- [main] o.s.s.concurrent.ThreadPoolTaskExecutor  : Initializing ExecutorService 'applicationTaskExecutor'
2021-04-19 16:13:52.976  INFO 3132 --- [main] o.s.b.w.embedded.tomcat.TomcatWebServer  : Tomcat started on port(s): 8080 (http) with context path ''
2021-04-19 16:13:52.995  INFO 3132 --- [main] c.s.spaceshark.ParksharkApplication      : Started ParksharkApplication in 2.849 seconds (JVM running for 4.208)
2021-04-19 16:24:55.764  INFO 1568 --- [main] c.s.spaceshark.ParksharkApplication      : Starting ParksharkApplication using Java 15.0.2 on FIN-1RR9TT2 with PID 1568 (C:\_development\.projects\Switchfully\test\parkshark\target\classes started by jdebra in C:\_development\.projects\Switchfully\test\parkshark)
2021-04-19 16:24:55.770  INFO 1568 --- [main] c.s.spaceshark.ParksharkApplication      : No active profile set, falling back to default profiles: default
2021-04-19 16:24:57.219  INFO 1568 --- [main] o.s.b.w.embedded.tomcat.TomcatWebServer  : Tomcat initialized with port(s): 8080 (http)
2021-04-19 16:24:57.232  INFO 1568 --- [main] o.apache.catalina.core.StandardService   : Starting service [Tomcat]
2021-04-19 16:24:57.233  INFO 1568 --- [main] org.apache.catalina.core.StandardEngine  : Starting Servlet engine: [Apache Tomcat/9.0.45]
2021-04-19 16:24:57.347  INFO 1568 --- [main] o.a.c.c.C.[Tomcat].[localhost].[/]       : Initializing Spring embedded WebApplicationContext
2021-04-19 16:24:57.347  INFO 1568 --- [main] w.s.c.ServletWebServerApplicationContext : Root WebApplicationContext: initialization completed in 1444 ms
2021-04-19 16:24:57.640  INFO 1568 --- [main] o.s.s.concurrent.ThreadPoolTaskExecutor  : Initializing ExecutorService 'applicationTaskExecutor'
2021-04-19 16:24:57.837  INFO 1568 --- [main] o.s.b.w.embedded.tomcat.TomcatWebServer  : Tomcat started on port(s): 8080 (http) with context path ''
2021-04-19 16:24:57.903  INFO 1568 --- [main] c.s.spaceshark.ParksharkApplication      : Started ParksharkApplication in 3.255 seconds (JVM running for 5.097)
2021-04-19 16:37:16.436  INFO 6420 --- [main] c.s.spaceshark.ParksharkApplication      : Starting ParksharkApplication using Java 15.0.2 on FIN-1RR9TT2 with PID 6420 (C:\_development\.projects\Switchfully\test\parkshark\application\target\classes started by jdebra in C:\_development\.projects\Switchfully\test\parkshark)
2021-04-19 16:37:16.515  INFO 6420 --- [main] c.s.spaceshark.ParksharkApplication      : No active profile set, falling back to default profiles: default
2021-04-19 16:37:22.668  INFO 6420 --- [main] o.s.b.w.embedded.tomcat.TomcatWebServer  : Tomcat initialized with port(s): 8080 (http)
2021-04-19 16:37:22.786  INFO 6420 --- [main] o.apache.catalina.core.StandardService   : Starting service [Tomcat]
2021-04-19 16:37:22.788  INFO 6420 --- [main] org.apache.catalina.core.StandardEngine  : Starting Servlet engine: [Apache Tomcat/9.0.45]
2021-04-19 16:37:23.425  INFO 6420 --- [main] o.a.c.c.C.[Tomcat].[localhost].[/]       : Initializing Spring embedded WebApplicationContext
2021-04-19 16:37:23.432  INFO 6420 --- [main] w.s.c.ServletWebServerApplicationContext : Root WebApplicationContext: initialization completed in 6445 ms
2021-04-19 16:37:25.114  INFO 6420 --- [main] o.s.s.concurrent.ThreadPoolTaskExecutor  : Initializing ExecutorService 'applicationTaskExecutor'
2021-04-19 16:37:26.331  INFO 6420 --- [main] o.s.b.w.embedded.tomcat.TomcatWebServer  : Tomcat started on port(s): 8080 (http) with context path ''
2021-04-19 16:37:26.353  INFO 6420 --- [main] c.s.spaceshark.ParksharkApplication      : Started ParksharkApplication in 14.029 seconds (JVM running for 20.273)
2021-04-19 16:39:02.645  INFO 8184 --- [main] c.s.spaceshark.ParksharkApplication      : Starting ParksharkApplication using Java 15.0.2 on FIN-1RR9TT2 with PID 8184 (C:\_development\.projects\Switchfully\test\parkshark\application\target\classes started by jdebra in C:\_development\.projects\Switchfully\test\parkshark)
2021-04-19 16:39:02.651  INFO 8184 --- [main] c.s.spaceshark.ParksharkApplication      : No active profile set, falling back to default profiles: default
2021-04-19 16:39:05.679  INFO 8184 --- [main] o.s.b.w.embedded.tomcat.TomcatWebServer  : Tomcat initialized with port(s): 8080 (http)
2021-04-19 16:39:05.702  INFO 8184 --- [main] o.apache.catalina.core.StandardService   : Starting service [Tomcat]
2021-04-19 16:39:05.703  INFO 8184 --- [main] org.apache.catalina.core.StandardEngine  : Starting Servlet engine: [Apache Tomcat/9.0.45]
2021-04-19 16:39:05.929  INFO 8184 --- [main] o.a.c.c.C.[Tomcat].[localhost].[/]       : Initializing Spring embedded WebApplicationContext
2021-04-19 16:39:05.930  INFO 8184 --- [main] w.s.c.ServletWebServerApplicationContext : Root WebApplicationContext: initialization completed in 3136 ms
2021-04-19 16:39:06.535  INFO 8184 --- [main] o.s.s.concurrent.ThreadPoolTaskExecutor  : Initializing ExecutorService 'applicationTaskExecutor'
2021-04-19 16:39:07.014  INFO 8184 --- [main] o.s.b.w.embedded.tomcat.TomcatWebServer  : Tomcat started on port(s): 8080 (http) with context path ''
2021-04-19 16:39:07.082  INFO 8184 --- [main] c.s.spaceshark.ParksharkApplication      : Started ParksharkApplication in 5.829 seconds (JVM running for 9.801)
2021-04-19 16:44:59.940  INFO 7604 --- [main] c.s.spaceshark.ParksharkApplication      : Starting ParksharkApplication using Java 15.0.2 on FIN-1RR9TT2 with PID 7604 (C:\_development\.projects\Switchfully\test\parkshark\application\target\classes started by jdebra in C:\_development\.projects\Switchfully\test\parkshark)
2021-04-19 16:44:59.953  INFO 7604 --- [main] c.s.spaceshark.ParksharkApplication      : No active profile set, falling back to default profiles: default
2021-04-19 16:45:08.409  INFO 7604 --- [main] o.s.b.w.embedded.tomcat.TomcatWebServer  : Tomcat initialized with port(s): 8080 (http)
2021-04-19 16:45:08.440  INFO 7604 --- [main] o.apache.catalina.core.StandardService   : Starting service [Tomcat]
2021-04-19 16:45:08.441  INFO 7604 --- [main] org.apache.catalina.core.StandardEngine  : Starting Servlet engine: [Apache Tomcat/9.0.45]
2021-04-19 16:45:09.176  INFO 7604 --- [main] o.a.c.c.C.[Tomcat].[localhost].[/]       : Initializing Spring embedded WebApplicationContext
2021-04-19 16:45:09.177  INFO 7604 --- [main] w.s.c.ServletWebServerApplicationContext : Root WebApplicationContext: initialization completed in 8768 ms
2021-04-19 16:45:10.441  INFO 7604 --- [main] o.s.s.concurrent.ThreadPoolTaskExecutor  : Initializing ExecutorService 'applicationTaskExecutor'
2021-04-19 16:45:11.989  INFO 7604 --- [main] o.s.b.w.embedded.tomcat.TomcatWebServer  : Tomcat started on port(s): 8080 (http) with context path ''
2021-04-19 16:45:12.058  INFO 7604 --- [main] c.s.spaceshark.ParksharkApplication      : Started ParksharkApplication in 16.767 seconds (JVM running for 21.389)
2021-04-19 16:48:56.756  INFO 9920 --- [main] c.s.spaceshark.ParksharkApplication      : Starting ParksharkApplication using Java 15.0.2 on FIN-1RR9TT2 with PID 9920 (C:\_development\.projects\Switchfully\test\parkshark\application\target\classes started by jdebra in C:\_development\.projects\Switchfully\test\parkshark)
2021-04-19 16:48:56.763  INFO 9920 --- [main] c.s.spaceshark.ParksharkApplication      : No active profile set, falling back to default profiles: default
2021-04-19 16:48:58.740  INFO 9920 --- [main] o.s.b.w.embedded.tomcat.TomcatWebServer  : Tomcat initialized with port(s): 8080 (http)
2021-04-19 16:48:58.755  INFO 9920 --- [main] o.apache.catalina.core.StandardService   : Starting service [Tomcat]
2021-04-19 16:48:58.756  INFO 9920 --- [main] org.apache.catalina.core.StandardEngine  : Starting Servlet engine: [Apache Tomcat/9.0.45]
2021-04-19 16:48:58.854  INFO 9920 --- [main] o.a.c.c.C.[Tomcat].[localhost].[/]       : Initializing Spring embedded WebApplicationContext
2021-04-19 16:48:58.855  INFO 9920 --- [main] w.s.c.ServletWebServerApplicationContext : Root WebApplicationContext: initialization completed in 1765 ms
2021-04-19 16:48:59.208  INFO 9920 --- [main] o.s.s.concurrent.ThreadPoolTaskExecutor  : Initializing ExecutorService 'applicationTaskExecutor'
2021-04-19 16:48:59.489  INFO 9920 --- [main] o.s.b.w.embedded.tomcat.TomcatWebServer  : Tomcat started on port(s): 8080 (http) with context path ''
2021-04-19 16:48:59.503  INFO 9920 --- [main] c.s.spaceshark.ParksharkApplication      : Started ParksharkApplication in 5.368 seconds (JVM running for 8.736)
2021-04-19 16:51:05.275  INFO 9160 --- [main] c.s.spaceshark.ParksharkApplication      : Starting ParksharkApplication using Java 15.0.2 on FIN-1RR9TT2 with PID 9160 (C:\_development\.projects\Switchfully\test\parkshark\application\target\classes started by jdebra in C:\_development\.projects\Switchfully\test\parkshark)
2021-04-19 16:51:05.283  INFO 9160 --- [main] c.s.spaceshark.ParksharkApplication      : No active profile set, falling back to default profiles: default
2021-04-19 16:51:06.843  INFO 9160 --- [main] o.s.b.w.embedded.tomcat.TomcatWebServer  : Tomcat initialized with port(s): 8080 (http)
2021-04-19 16:51:06.858  INFO 9160 --- [main] o.apache.catalina.core.StandardService   : Starting service [Tomcat]
2021-04-19 16:51:06.859  INFO 9160 --- [main] org.apache.catalina.core.StandardEngine  : Starting Servlet engine: [Apache Tomcat/9.0.45]
2021-04-19 16:51:06.944  INFO 9160 --- [main] o.a.c.c.C.[Tomcat].[localhost].[/]       : Initializing Spring embedded WebApplicationContext
2021-04-19 16:51:06.945  INFO 9160 --- [main] w.s.c.ServletWebServerApplicationContext : Root WebApplicationContext: initialization completed in 1540 ms
2021-04-19 16:51:07.207  INFO 9160 --- [main] o.s.s.concurrent.ThreadPoolTaskExecutor  : Initializing ExecutorService 'applicationTaskExecutor'
2021-04-19 16:51:07.505  INFO 9160 --- [main] o.s.b.w.embedded.tomcat.TomcatWebServer  : Tomcat started on port(s): 8080 (http) with context path ''
2021-04-19 16:51:07.519  INFO 9160 --- [main] c.s.spaceshark.ParksharkApplication      : Started ParksharkApplication in 3.459 seconds (JVM running for 5.22)
2021-04-19 16:51:50.222  INFO 8100 --- [main] c.s.spaceshark.ParksharkApplication      : Starting ParksharkApplication using Java 15.0.2 on FIN-1RR9TT2 with PID 8100 (C:\_development\.projects\Switchfully\test\parkshark\target\classes started by jdebra in C:\_development\.projects\Switchfully\test\parkshark)
2021-04-19 16:51:50.228  INFO 8100 --- [main] c.s.spaceshark.ParksharkApplication      : No active profile set, falling back to default profiles: default
2021-04-19 16:51:51.588  INFO 8100 --- [main] o.s.b.w.embedded.tomcat.TomcatWebServer  : Tomcat initialized with port(s): 8080 (http)
2021-04-19 16:51:51.604  INFO 8100 --- [main] o.apache.catalina.core.StandardService   : Starting service [Tomcat]
2021-04-19 16:51:51.605  INFO 8100 --- [main] org.apache.catalina.core.StandardEngine  : Starting Servlet engine: [Apache Tomcat/9.0.45]
2021-04-19 16:51:51.697  INFO 8100 --- [main] o.a.c.c.C.[Tomcat].[localhost].[/]       : Initializing Spring embedded WebApplicationContext
2021-04-19 16:51:51.698  INFO 8100 --- [main] w.s.c.ServletWebServerApplicationContext : Root WebApplicationContext: initialization completed in 1351 ms
2021-04-19 16:51:51.993  INFO 8100 --- [main] o.s.s.concurrent.ThreadPoolTaskExecutor  : Initializing ExecutorService 'applicationTaskExecutor'
2021-04-19 16:51:52.222  INFO 8100 --- [main] o.s.b.w.embedded.tomcat.TomcatWebServer  : Tomcat started on port(s): 8080 (http) with context path ''
2021-04-19 16:51:52.239  INFO 8100 --- [main] c.s.spaceshark.ParksharkApplication      : Started ParksharkApplication in 2.838 seconds (JVM running for 4.522)
2021-04-19 17:12:01.000  INFO 8632 --- [main] c.s.spaceshark.ParksharkApplication      : Starting ParksharkApplication using Java 15.0.2 on FIN-1RR9TT2 with PID 8632 (C:\_development\.projects\Switchfully\test\parkshark\application\target\classes started by jdebra in C:\_development\.projects\Switchfully\test\parkshark)
2021-04-19 17:12:01.007  INFO 8632 --- [main] c.s.spaceshark.ParksharkApplication      : No active profile set, falling back to default profiles: default
2021-04-19 17:12:07.907  INFO 8632 --- [main] .s.d.r.c.RepositoryConfigurationDelegate : Bootstrapping Spring Data JPA repositories in DEFAULT mode.
2021-04-19 17:12:08.848  INFO 8632 --- [main] .s.d.r.c.RepositoryConfigurationDelegate : Finished Spring Data repository scanning in 861 ms. Found 1 JPA repository interfaces.
2021-04-19 17:12:13.542  INFO 8632 --- [main] o.s.b.w.embedded.tomcat.TomcatWebServer  : Tomcat initialized with port(s): 8080 (http)
2021-04-19 17:12:13.595  INFO 8632 --- [main] o.apache.catalina.core.StandardService   : Starting service [Tomcat]
2021-04-19 17:12:13.598  INFO 8632 --- [main] org.apache.catalina.core.StandardEngine  : Starting Servlet engine: [Apache Tomcat/9.0.45]
2021-04-19 17:12:14.176  INFO 8632 --- [main] o.a.c.c.C.[Tomcat].[localhost].[/]       : Initializing Spring embedded WebApplicationContext
2021-04-19 17:12:14.189  INFO 8632 --- [main] w.s.c.ServletWebServerApplicationContext : Root WebApplicationContext: initialization completed in 12533 ms
2021-04-19 17:12:15.466  INFO 8632 --- [main] o.f.c.internal.license.VersionPrinter    : Flyway Community Edition 7.1.1 by Redgate
2021-04-19 17:12:15.755  INFO 8632 --- [main] com.zaxxer.hikari.HikariDataSource       : HikariPool-1 - Starting...
2021-04-19 17:12:17.893  INFO 8632 --- [main] com.zaxxer.hikari.HikariDataSource       : HikariPool-1 - Start completed.
2021-04-19 17:12:18.092  INFO 8632 --- [main] o.f.c.i.database.base.DatabaseType       : Database: jdbc:postgresql://database-2.cuvv0osxzgmi.eu-west-3.rds.amazonaws.com:5432/jeroen (PostgreSQL 12.5)
2021-04-19 17:12:18.987  WARN 8632 --- [main] ConfigServletWebServerApplicationContext : Exception encountered during context initialization - cancelling refresh attempt: org.springframework.beans.factory.BeanCreationException: Error creating bean with name 'flywayInitializer' defined in class path resource [org/springframework/boot/autoconfigure/flyway/FlywayAutoConfiguration$FlywayConfiguration.class]: Invocation of init method failed; nested exception is org.flywaydb.core.api.exception.FlywayValidateException: Validate failed: Migrations have failed validation
2021-04-19 17:12:18.988  INFO 8632 --- [main] com.zaxxer.hikari.HikariDataSource       : HikariPool-1 - Shutdown initiated...
2021-04-19 17:12:19.184  INFO 8632 --- [main] com.zaxxer.hikari.HikariDataSource       : HikariPool-1 - Shutdown completed.
2021-04-19 17:12:19.214  INFO 8632 --- [main] o.apache.catalina.core.StandardService   : Stopping service [Tomcat]
2021-04-19 17:12:19.336  INFO 8632 --- [main] ConditionEvaluationReportLoggingListener : 

Error starting ApplicationContext. To display the conditions report re-run your application with 'debug' enabled.
2021-04-19 17:12:19.574 ERROR 8632 --- [main] o.s.boot.SpringApplication               : Application run failed

org.springframework.beans.factory.BeanCreationException: Error creating bean with name 'flywayInitializer' defined in class path resource [org/springframework/boot/autoconfigure/flyway/FlywayAutoConfiguration$FlywayConfiguration.class]: Invocation of init method failed; nested exception is org.flywaydb.core.api.exception.FlywayValidateException: Validate failed: Migrations have failed validation
	at org.springframework.beans.factory.support.AbstractAutowireCapableBeanFactory.initializeBean(AbstractAutowireCapableBeanFactory.java:1786) ~[spring-beans-5.3.6.jar:5.3.6]
	at org.springframework.beans.factory.support.AbstractAutowireCapableBeanFactory.doCreateBean(AbstractAutowireCapableBeanFactory.java:602) ~[spring-beans-5.3.6.jar:5.3.6]
	at org.springframework.beans.factory.support.AbstractAutowireCapableBeanFactory.createBean(AbstractAutowireCapableBeanFactory.java:524) ~[spring-beans-5.3.6.jar:5.3.6]
	at org.springframework.beans.factory.support.AbstractBeanFactory.lambda$doGetBean$0(AbstractBeanFactory.java:335) ~[spring-beans-5.3.6.jar:5.3.6]
	at org.springframework.beans.factory.support.DefaultSingletonBeanRegistry.getSingleton(DefaultSingletonBeanRegistry.java:234) ~[spring-beans-5.3.6.jar:5.3.6]
	at org.springframework.beans.factory.support.AbstractBeanFactory.doGetBean(AbstractBeanFactory.java:333) ~[spring-beans-5.3.6.jar:5.3.6]
	at org.springframework.beans.factory.support.AbstractBeanFactory.getBean(AbstractBeanFactory.java:208) ~[spring-beans-5.3.6.jar:5.3.6]
	at org.springframework.beans.factory.support.AbstractBeanFactory.doGetBean(AbstractBeanFactory.java:322) ~[spring-beans-5.3.6.jar:5.3.6]
	at org.springframework.beans.factory.support.AbstractBeanFactory.getBean(AbstractBeanFactory.java:208) ~[spring-beans-5.3.6.jar:5.3.6]
	at org.springframework.context.support.AbstractApplicationContext.getBean(AbstractApplicationContext.java:1154) ~[spring-context-5.3.6.jar:5.3.6]
	at org.springframework.context.support.AbstractApplicationContext.finishBeanFactoryInitialization(AbstractApplicationContext.java:908) ~[spring-context-5.3.6.jar:5.3.6]
	at org.springframework.context.support.AbstractApplicationContext.refresh(AbstractApplicationContext.java:583) ~[spring-context-5.3.6.jar:5.3.6]
	at org.springframework.boot.web.servlet.context.ServletWebServerApplicationContext.refresh(ServletWebServerApplicationContext.java:144) ~[spring-boot-2.4.5.jar:2.4.5]
	at org.springframework.boot.SpringApplication.refresh(SpringApplication.java:782) ~[spring-boot-2.4.5.jar:2.4.5]
	at org.springframework.boot.SpringApplication.refresh(SpringApplication.java:774) ~[spring-boot-2.4.5.jar:2.4.5]
	at org.springframework.boot.SpringApplication.refreshContext(SpringApplication.java:439) ~[spring-boot-2.4.5.jar:2.4.5]
	at org.springframework.boot.SpringApplication.run(SpringApplication.java:339) ~[spring-boot-2.4.5.jar:2.4.5]
	at org.springframework.boot.SpringApplication.run(SpringApplication.java:1340) ~[spring-boot-2.4.5.jar:2.4.5]
	at org.springframework.boot.SpringApplication.run(SpringApplication.java:1329) ~[spring-boot-2.4.5.jar:2.4.5]
	at com.switchfully.spaceshark.ParksharkApplication.main(ParksharkApplication.java:10) ~[classes/:na]
Caused by: org.flywaydb.core.api.exception.FlywayValidateException: Validate failed: Migrations have failed validation
	at org.flywaydb.core.Flyway$1.execute(Flyway.java:172) ~[flyway-core-7.1.1.jar:na]
	at org.flywaydb.core.Flyway$1.execute(Flyway.java:164) ~[flyway-core-7.1.1.jar:na]
	at org.flywaydb.core.Flyway.execute(Flyway.java:538) ~[flyway-core-7.1.1.jar:na]
	at org.flywaydb.core.Flyway.migrate(Flyway.java:164) ~[flyway-core-7.1.1.jar:na]
	at org.springframework.boot.autoconfigure.flyway.FlywayMigrationInitializer.afterPropertiesSet(FlywayMigrationInitializer.java:66) ~[spring-boot-autoconfigure-2.4.5.jar:2.4.5]
	at org.springframework.beans.factory.support.AbstractAutowireCapableBeanFactory.invokeInitMethods(AbstractAutowireCapableBeanFactory.java:1845) ~[spring-beans-5.3.6.jar:5.3.6]
	at org.springframework.beans.factory.support.AbstractAutowireCapableBeanFactory.initializeBean(AbstractAutowireCapableBeanFactory.java:1782) ~[spring-beans-5.3.6.jar:5.3.6]
	... 19 common frames omitted

2021-04-19 17:15:28.778  INFO 6616 --- [main] c.s.spaceshark.ParksharkApplication      : Starting ParksharkApplication using Java 15.0.2 on FIN-1RR9TT2 with PID 6616 (C:\_development\.projects\Switchfully\test\parkshark\application\target\classes started by jdebra in C:\_development\.projects\Switchfully\test\parkshark)
2021-04-19 17:15:28.784  INFO 6616 --- [main] c.s.spaceshark.ParksharkApplication      : No active profile set, falling back to default profiles: default
2021-04-19 17:15:29.981  INFO 6616 --- [main] .s.d.r.c.RepositoryConfigurationDelegate : Bootstrapping Spring Data JPA repositories in DEFAULT mode.
2021-04-19 17:15:30.052  INFO 6616 --- [main] .s.d.r.c.RepositoryConfigurationDelegate : Finished Spring Data repository scanning in 57 ms. Found 1 JPA repository interfaces.
2021-04-19 17:15:31.220  INFO 6616 --- [main] o.s.b.w.embedded.tomcat.TomcatWebServer  : Tomcat initialized with port(s): 8080 (http)
2021-04-19 17:15:31.236  INFO 6616 --- [main] o.apache.catalina.core.StandardService   : Starting service [Tomcat]
2021-04-19 17:15:31.237  INFO 6616 --- [main] org.apache.catalina.core.StandardEngine  : Starting Servlet engine: [Apache Tomcat/9.0.45]
2021-04-19 17:15:31.487  INFO 6616 --- [main] o.a.c.c.C.[Tomcat].[localhost].[/]       : Initializing Spring embedded WebApplicationContext
2021-04-19 17:15:31.488  INFO 6616 --- [main] w.s.c.ServletWebServerApplicationContext : Root WebApplicationContext: initialization completed in 2598 ms
2021-04-19 17:15:31.707  INFO 6616 --- [main] o.f.c.internal.license.VersionPrinter    : Flyway Community Edition 7.1.1 by Redgate
2021-04-19 17:15:31.723  INFO 6616 --- [main] com.zaxxer.hikari.HikariDataSource       : HikariPool-1 - Starting...
2021-04-19 17:15:32.625  INFO 6616 --- [main] com.zaxxer.hikari.HikariDataSource       : HikariPool-1 - Start completed.
2021-04-19 17:15:32.772  INFO 6616 --- [main] o.f.c.i.database.base.DatabaseType       : Database: jdbc:postgresql://database-2.cuvv0osxzgmi.eu-west-3.rds.amazonaws.com:5432/jeroen (PostgreSQL 12.5)
2021-04-19 17:15:33.267  INFO 6616 --- [main] o.f.core.internal.command.DbValidate     : Successfully validated 1 migration (execution time 00:00.157s)
2021-04-19 17:15:33.595  INFO 6616 --- [main] o.f.c.i.s.JdbcTableSchemaHistory         : Creating Schema History table "parkshark"."flyway_schema_history" ...
2021-04-19 17:15:34.092  INFO 6616 --- [main] o.f.core.internal.command.DbMigrate      : Current version of schema "parkshark": << Empty Schema >>
2021-04-19 17:15:34.135  INFO 6616 --- [main] o.f.core.internal.command.DbMigrate      : Migrating schema "parkshark" to version "1 - init schema"
2021-04-19 17:15:34.732  INFO 6616 --- [main] o.f.core.internal.command.DbMigrate      : Successfully applied 1 migration to schema "parkshark" (execution time 00:00.864s)
2021-04-19 17:15:35.004  INFO 6616 --- [main] o.hibernate.jpa.internal.util.LogHelper  : HHH000204: Processing PersistenceUnitInfo [name: default]
2021-04-19 17:15:35.137  INFO 6616 --- [main] org.hibernate.Version                    : HHH000412: Hibernate ORM core version 5.4.30.Final
2021-04-19 17:15:35.471  INFO 6616 --- [main] o.hibernate.annotations.common.Version   : HCANN000001: Hibernate Commons Annotations {5.1.2.Final}
2021-04-19 17:15:35.710  INFO 6616 --- [main] org.hibernate.dialect.Dialect            : HHH000400: Using dialect: org.hibernate.dialect.PostgreSQL10Dialect
2021-04-19 17:15:36.384  INFO 6616 --- [main] o.h.e.t.j.p.i.JtaPlatformInitiator       : HHH000490: Using JtaPlatform implementation: [org.hibernate.engine.transaction.jta.platform.internal.NoJtaPlatform]
2021-04-19 17:15:36.480  INFO 6616 --- [main] j.LocalContainerEntityManagerFactoryBean : Initialized JPA EntityManagerFactory for persistence unit 'default'
2021-04-19 17:15:36.648  WARN 6616 --- [main] JpaBaseConfiguration$JpaWebConfiguration : spring.jpa.open-in-view is enabled by default. Therefore, database queries may be performed during view rendering. Explicitly configure spring.jpa.open-in-view to disable this warning
2021-04-19 17:15:36.827  INFO 6616 --- [main] o.s.s.concurrent.ThreadPoolTaskExecutor  : Initializing ExecutorService 'applicationTaskExecutor'
2021-04-19 17:15:37.345  WARN 6616 --- [main] ConfigServletWebServerApplicationContext : Exception encountered during context initialization - cancelling refresh attempt: org.springframework.beans.factory.BeanCreationException: Error creating bean with name 'testRepo' defined in com.switchfully.spaceshark.testRepo defined in @EnableJpaRepositories declared on JpaRepositoriesRegistrar.EnableJpaRepositoriesConfiguration: Invocation of init method failed; nested exception is java.lang.IllegalArgumentException: Not a managed type: class java.lang.Object
2021-04-19 17:15:37.349  INFO 6616 --- [main] o.s.s.concurrent.ThreadPoolTaskExecutor  : Shutting down ExecutorService 'applicationTaskExecutor'
2021-04-19 17:15:37.349  INFO 6616 --- [main] j.LocalContainerEntityManagerFactoryBean : Closing JPA EntityManagerFactory for persistence unit 'default'
2021-04-19 17:15:37.351  INFO 6616 --- [main] com.zaxxer.hikari.HikariDataSource       : HikariPool-1 - Shutdown initiated...
2021-04-19 17:15:37.359  INFO 6616 --- [main] com.zaxxer.hikari.HikariDataSource       : HikariPool-1 - Shutdown completed.
2021-04-19 17:15:37.361  INFO 6616 --- [main] o.apache.catalina.core.StandardService   : Stopping service [Tomcat]
2021-04-19 17:15:37.373  INFO 6616 --- [main] ConditionEvaluationReportLoggingListener : 

Error starting ApplicationContext. To display the conditions report re-run your application with 'debug' enabled.
2021-04-19 17:15:37.462 ERROR 6616 --- [main] o.s.boot.SpringApplication               : Application run failed

org.springframework.beans.factory.BeanCreationException: Error creating bean with name 'testRepo' defined in com.switchfully.spaceshark.testRepo defined in @EnableJpaRepositories declared on JpaRepositoriesRegistrar.EnableJpaRepositoriesConfiguration: Invocation of init method failed; nested exception is java.lang.IllegalArgumentException: Not a managed type: class java.lang.Object
	at org.springframework.beans.factory.support.AbstractAutowireCapableBeanFactory.initializeBean(AbstractAutowireCapableBeanFactory.java:1786) ~[spring-beans-5.3.6.jar:5.3.6]
	at org.springframework.beans.factory.support.AbstractAutowireCapableBeanFactory.doCreateBean(AbstractAutowireCapableBeanFactory.java:602) ~[spring-beans-5.3.6.jar:5.3.6]
	at org.springframework.beans.factory.support.AbstractAutowireCapableBeanFactory.createBean(AbstractAutowireCapableBeanFactory.java:524) ~[spring-beans-5.3.6.jar:5.3.6]
	at org.springframework.beans.factory.support.AbstractBeanFactory.lambda$doGetBean$0(AbstractBeanFactory.java:335) ~[spring-beans-5.3.6.jar:5.3.6]
	at org.springframework.beans.factory.support.DefaultSingletonBeanRegistry.getSingleton(DefaultSingletonBeanRegistry.java:234) ~[spring-beans-5.3.6.jar:5.3.6]
	at org.springframework.beans.factory.support.AbstractBeanFactory.doGetBean(AbstractBeanFactory.java:333) ~[spring-beans-5.3.6.jar:5.3.6]
	at org.springframework.beans.factory.support.AbstractBeanFactory.getBean(AbstractBeanFactory.java:208) ~[spring-beans-5.3.6.jar:5.3.6]
	at org.springframework.beans.factory.support.DefaultListableBeanFactory.preInstantiateSingletons(DefaultListableBeanFactory.java:925) ~[spring-beans-5.3.6.jar:5.3.6]
	at org.springframework.context.support.AbstractApplicationContext.finishBeanFactoryInitialization(AbstractApplicationContext.java:918) ~[spring-context-5.3.6.jar:5.3.6]
	at org.springframework.context.support.AbstractApplicationContext.refresh(AbstractApplicationContext.java:583) ~[spring-context-5.3.6.jar:5.3.6]
	at org.springframework.boot.web.servlet.context.ServletWebServerApplicationContext.refresh(ServletWebServerApplicationContext.java:144) ~[spring-boot-2.4.5.jar:2.4.5]
	at org.springframework.boot.SpringApplication.refresh(SpringApplication.java:782) ~[spring-boot-2.4.5.jar:2.4.5]
	at org.springframework.boot.SpringApplication.refresh(SpringApplication.java:774) ~[spring-boot-2.4.5.jar:2.4.5]
	at org.springframework.boot.SpringApplication.refreshContext(SpringApplication.java:439) ~[spring-boot-2.4.5.jar:2.4.5]
	at org.springframework.boot.SpringApplication.run(SpringApplication.java:339) ~[spring-boot-2.4.5.jar:2.4.5]
	at org.springframework.boot.SpringApplication.run(SpringApplication.java:1340) ~[spring-boot-2.4.5.jar:2.4.5]
	at org.springframework.boot.SpringApplication.run(SpringApplication.java:1329) ~[spring-boot-2.4.5.jar:2.4.5]
	at com.switchfully.spaceshark.ParksharkApplication.main(ParksharkApplication.java:10) ~[classes/:na]
Caused by: java.lang.IllegalArgumentException: Not a managed type: class java.lang.Object
	at org.hibernate.metamodel.internal.MetamodelImpl.managedType(MetamodelImpl.java:582) ~[hibernate-core-5.4.30.Final.jar:5.4.30.Final]
	at org.hibernate.metamodel.internal.MetamodelImpl.managedType(MetamodelImpl.java:85) ~[hibernate-core-5.4.30.Final.jar:5.4.30.Final]
	at org.springframework.data.jpa.repository.support.JpaMetamodelEntityInformation.<init>(JpaMetamodelEntityInformation.java:75) ~[spring-data-jpa-2.4.8.jar:2.4.8]
	at org.springframework.data.jpa.repository.support.JpaEntityInformationSupport.getEntityInformation(JpaEntityInformationSupport.java:66) ~[spring-data-jpa-2.4.8.jar:2.4.8]
	at org.springframework.data.jpa.repository.support.JpaRepositoryFactory.getEntityInformation(JpaRepositoryFactory.java:229) ~[spring-data-jpa-2.4.8.jar:2.4.8]
	at org.springframework.data.jpa.repository.support.JpaRepositoryFactory.getTargetRepository(JpaRepositoryFactory.java:179) ~[spring-data-jpa-2.4.8.jar:2.4.8]
	at org.springframework.data.jpa.repository.support.JpaRepositoryFactory.getTargetRepository(JpaRepositoryFactory.java:162) ~[spring-data-jpa-2.4.8.jar:2.4.8]
	at org.springframework.data.jpa.repository.support.JpaRepositoryFactory.getTargetRepository(JpaRepositoryFactory.java:72) ~[spring-data-jpa-2.4.8.jar:2.4.8]
	at org.springframework.data.repository.core.support.RepositoryFactorySupport.getRepository(RepositoryFactorySupport.java:281) ~[spring-data-commons-2.4.8.jar:2.4.8]
	at org.springframework.data.repository.core.support.RepositoryFactoryBeanSupport.lambda$afterPropertiesSet$5(RepositoryFactoryBeanSupport.java:323) ~[spring-data-commons-2.4.8.jar:2.4.8]
	at org.springframework.data.util.Lazy.getNullable(Lazy.java:230) ~[spring-data-commons-2.4.8.jar:2.4.8]
	at org.springframework.data.util.Lazy.get(Lazy.java:114) ~[spring-data-commons-2.4.8.jar:2.4.8]
	at org.springframework.data.repository.core.support.RepositoryFactoryBeanSupport.afterPropertiesSet(RepositoryFactoryBeanSupport.java:329) ~[spring-data-commons-2.4.8.jar:2.4.8]
	at org.springframework.data.jpa.repository.support.JpaRepositoryFactoryBean.afterPropertiesSet(JpaRepositoryFactoryBean.java:144) ~[spring-data-jpa-2.4.8.jar:2.4.8]
	at org.springframework.beans.factory.support.AbstractAutowireCapableBeanFactory.invokeInitMethods(AbstractAutowireCapableBeanFactory.java:1845) ~[spring-beans-5.3.6.jar:5.3.6]
	at org.springframework.beans.factory.support.AbstractAutowireCapableBeanFactory.initializeBean(AbstractAutowireCapableBeanFactory.java:1782) ~[spring-beans-5.3.6.jar:5.3.6]
	... 17 common frames omitted

2021-04-19 17:16:11.173  INFO 7488 --- [main] c.s.spaceshark.ParksharkApplication      : Starting ParksharkApplication using Java 15.0.2 on FIN-1RR9TT2 with PID 7488 (C:\_development\.projects\Switchfully\test\parkshark\application\target\classes started by jdebra in C:\_development\.projects\Switchfully\test\parkshark)
2021-04-19 17:16:11.185  INFO 7488 --- [main] c.s.spaceshark.ParksharkApplication      : No active profile set, falling back to default profiles: default
2021-04-19 17:16:12.387  INFO 7488 --- [main] .s.d.r.c.RepositoryConfigurationDelegate : Bootstrapping Spring Data JPA repositories in DEFAULT mode.
2021-04-19 17:16:12.461  INFO 7488 --- [main] .s.d.r.c.RepositoryConfigurationDelegate : Finished Spring Data repository scanning in 60 ms. Found 1 JPA repository interfaces.
2021-04-19 17:16:13.470  INFO 7488 --- [main] o.s.b.w.embedded.tomcat.TomcatWebServer  : Tomcat initialized with port(s): 8080 (http)
2021-04-19 17:16:13.486  INFO 7488 --- [main] o.apache.catalina.core.StandardService   : Starting service [Tomcat]
2021-04-19 17:16:13.486  INFO 7488 --- [main] org.apache.catalina.core.StandardEngine  : Starting Servlet engine: [Apache Tomcat/9.0.45]
2021-04-19 17:16:13.660  INFO 7488 --- [main] o.a.c.c.C.[Tomcat].[localhost].[/]       : Initializing Spring embedded WebApplicationContext
2021-04-19 17:16:13.660  INFO 7488 --- [main] w.s.c.ServletWebServerApplicationContext : Root WebApplicationContext: initialization completed in 2273 ms
2021-04-19 17:16:13.848  INFO 7488 --- [main] o.f.c.internal.license.VersionPrinter    : Flyway Community Edition 7.1.1 by Redgate
2021-04-19 17:16:13.854  INFO 7488 --- [main] com.zaxxer.hikari.HikariDataSource       : HikariPool-1 - Starting...
2021-04-19 17:16:14.701  INFO 7488 --- [main] com.zaxxer.hikari.HikariDataSource       : HikariPool-1 - Start completed.
2021-04-19 17:16:14.802  INFO 7488 --- [main] o.f.c.i.database.base.DatabaseType       : Database: jdbc:postgresql://database-2.cuvv0osxzgmi.eu-west-3.rds.amazonaws.com:5432/jeroen (PostgreSQL 12.5)
2021-04-19 17:16:15.357  INFO 7488 --- [main] o.f.core.internal.command.DbValidate     : Successfully validated 1 migration (execution time 00:00.193s)
2021-04-19 17:16:15.610  INFO 7488 --- [main] o.f.core.internal.command.DbMigrate      : Current version of schema "parkshark": 1
2021-04-19 17:16:15.643  INFO 7488 --- [main] o.f.core.internal.command.DbMigrate      : Schema "parkshark" is up to date. No migration necessary.
2021-04-19 17:16:15.908  INFO 7488 --- [main] o.hibernate.jpa.internal.util.LogHelper  : HHH000204: Processing PersistenceUnitInfo [name: default]
2021-04-19 17:16:15.973  INFO 7488 --- [main] org.hibernate.Version                    : HHH000412: Hibernate ORM core version 5.4.30.Final
2021-04-19 17:16:16.259  INFO 7488 --- [main] o.hibernate.annotations.common.Version   : HCANN000001: Hibernate Commons Annotations {5.1.2.Final}
2021-04-19 17:16:16.509  INFO 7488 --- [main] org.hibernate.dialect.Dialect            : HHH000400: Using dialect: org.hibernate.dialect.PostgreSQL10Dialect
2021-04-19 17:16:17.178  INFO 7488 --- [main] o.h.e.t.j.p.i.JtaPlatformInitiator       : HHH000490: Using JtaPlatform implementation: [org.hibernate.engine.transaction.jta.platform.internal.NoJtaPlatform]
2021-04-19 17:16:17.195  INFO 7488 --- [main] j.LocalContainerEntityManagerFactoryBean : Initialized JPA EntityManagerFactory for persistence unit 'default'
2021-04-19 17:16:17.259  WARN 7488 --- [main] JpaBaseConfiguration$JpaWebConfiguration : spring.jpa.open-in-view is enabled by default. Therefore, database queries may be performed during view rendering. Explicitly configure spring.jpa.open-in-view to disable this warning
2021-04-19 17:16:17.474  INFO 7488 --- [main] o.s.s.concurrent.ThreadPoolTaskExecutor  : Initializing ExecutorService 'applicationTaskExecutor'
2021-04-19 17:16:17.894  WARN 7488 --- [main] ConfigServletWebServerApplicationContext : Exception encountered during context initialization - cancelling refresh attempt: org.springframework.beans.factory.BeanCreationException: Error creating bean with name 'testRepo' defined in com.switchfully.spaceshark.testRepo defined in @EnableJpaRepositories declared on JpaRepositoriesRegistrar.EnableJpaRepositoriesConfiguration: Invocation of init method failed; nested exception is java.lang.IllegalArgumentException: Not a managed type: class java.lang.Object
2021-04-19 17:16:17.919  INFO 7488 --- [main] o.s.s.concurrent.ThreadPoolTaskExecutor  : Shutting down ExecutorService 'applicationTaskExecutor'
2021-04-19 17:16:17.920  INFO 7488 --- [main] j.LocalContainerEntityManagerFactoryBean : Closing JPA EntityManagerFactory for persistence unit 'default'
2021-04-19 17:16:17.924  INFO 7488 --- [main] com.zaxxer.hikari.HikariDataSource       : HikariPool-1 - Shutdown initiated...
2021-04-19 17:16:17.939  INFO 7488 --- [main] com.zaxxer.hikari.HikariDataSource       : HikariPool-1 - Shutdown completed.
2021-04-19 17:16:17.941  INFO 7488 --- [main] o.apache.catalina.core.StandardService   : Stopping service [Tomcat]
2021-04-19 17:16:17.955  INFO 7488 --- [main] ConditionEvaluationReportLoggingListener : 

Error starting ApplicationContext. To display the conditions report re-run your application with 'debug' enabled.
2021-04-19 17:16:17.985 ERROR 7488 --- [main] o.s.boot.SpringApplication               : Application run failed

org.springframework.beans.factory.BeanCreationException: Error creating bean with name 'testRepo' defined in com.switchfully.spaceshark.testRepo defined in @EnableJpaRepositories declared on JpaRepositoriesRegistrar.EnableJpaRepositoriesConfiguration: Invocation of init method failed; nested exception is java.lang.IllegalArgumentException: Not a managed type: class java.lang.Object
	at org.springframework.beans.factory.support.AbstractAutowireCapableBeanFactory.initializeBean(AbstractAutowireCapableBeanFactory.java:1786) ~[spring-beans-5.3.6.jar:5.3.6]
	at org.springframework.beans.factory.support.AbstractAutowireCapableBeanFactory.doCreateBean(AbstractAutowireCapableBeanFactory.java:602) ~[spring-beans-5.3.6.jar:5.3.6]
	at org.springframework.beans.factory.support.AbstractAutowireCapableBeanFactory.createBean(AbstractAutowireCapableBeanFactory.java:524) ~[spring-beans-5.3.6.jar:5.3.6]
	at org.springframework.beans.factory.support.AbstractBeanFactory.lambda$doGetBean$0(AbstractBeanFactory.java:335) ~[spring-beans-5.3.6.jar:5.3.6]
	at org.springframework.beans.factory.support.DefaultSingletonBeanRegistry.getSingleton(DefaultSingletonBeanRegistry.java:234) ~[spring-beans-5.3.6.jar:5.3.6]
	at org.springframework.beans.factory.support.AbstractBeanFactory.doGetBean(AbstractBeanFactory.java:333) ~[spring-beans-5.3.6.jar:5.3.6]
	at org.springframework.beans.factory.support.AbstractBeanFactory.getBean(AbstractBeanFactory.java:208) ~[spring-beans-5.3.6.jar:5.3.6]
	at org.springframework.beans.factory.support.DefaultListableBeanFactory.preInstantiateSingletons(DefaultListableBeanFactory.java:925) ~[spring-beans-5.3.6.jar:5.3.6]
	at org.springframework.context.support.AbstractApplicationContext.finishBeanFactoryInitialization(AbstractApplicationContext.java:918) ~[spring-context-5.3.6.jar:5.3.6]
	at org.springframework.context.support.AbstractApplicationContext.refresh(AbstractApplicationContext.java:583) ~[spring-context-5.3.6.jar:5.3.6]
	at org.springframework.boot.web.servlet.context.ServletWebServerApplicationContext.refresh(ServletWebServerApplicationContext.java:144) ~[spring-boot-2.4.5.jar:2.4.5]
	at org.springframework.boot.SpringApplication.refresh(SpringApplication.java:782) ~[spring-boot-2.4.5.jar:2.4.5]
	at org.springframework.boot.SpringApplication.refresh(SpringApplication.java:774) ~[spring-boot-2.4.5.jar:2.4.5]
	at org.springframework.boot.SpringApplication.refreshContext(SpringApplication.java:439) ~[spring-boot-2.4.5.jar:2.4.5]
	at org.springframework.boot.SpringApplication.run(SpringApplication.java:339) ~[spring-boot-2.4.5.jar:2.4.5]
	at org.springframework.boot.SpringApplication.run(SpringApplication.java:1340) ~[spring-boot-2.4.5.jar:2.4.5]
	at org.springframework.boot.SpringApplication.run(SpringApplication.java:1329) ~[spring-boot-2.4.5.jar:2.4.5]
	at com.switchfully.spaceshark.ParksharkApplication.main(ParksharkApplication.java:10) ~[classes/:na]
Caused by: java.lang.IllegalArgumentException: Not a managed type: class java.lang.Object
	at org.hibernate.metamodel.internal.MetamodelImpl.managedType(MetamodelImpl.java:582) ~[hibernate-core-5.4.30.Final.jar:5.4.30.Final]
	at org.hibernate.metamodel.internal.MetamodelImpl.managedType(MetamodelImpl.java:85) ~[hibernate-core-5.4.30.Final.jar:5.4.30.Final]
	at org.springframework.data.jpa.repository.support.JpaMetamodelEntityInformation.<init>(JpaMetamodelEntityInformation.java:75) ~[spring-data-jpa-2.4.8.jar:2.4.8]
	at org.springframework.data.jpa.repository.support.JpaEntityInformationSupport.getEntityInformation(JpaEntityInformationSupport.java:66) ~[spring-data-jpa-2.4.8.jar:2.4.8]
	at org.springframework.data.jpa.repository.support.JpaRepositoryFactory.getEntityInformation(JpaRepositoryFactory.java:229) ~[spring-data-jpa-2.4.8.jar:2.4.8]
	at org.springframework.data.jpa.repository.support.JpaRepositoryFactory.getTargetRepository(JpaRepositoryFactory.java:179) ~[spring-data-jpa-2.4.8.jar:2.4.8]
	at org.springframework.data.jpa.repository.support.JpaRepositoryFactory.getTargetRepository(JpaRepositoryFactory.java:162) ~[spring-data-jpa-2.4.8.jar:2.4.8]
	at org.springframework.data.jpa.repository.support.JpaRepositoryFactory.getTargetRepository(JpaRepositoryFactory.java:72) ~[spring-data-jpa-2.4.8.jar:2.4.8]
	at org.springframework.data.repository.core.support.RepositoryFactorySupport.getRepository(RepositoryFactorySupport.java:281) ~[spring-data-commons-2.4.8.jar:2.4.8]
	at org.springframework.data.repository.core.support.RepositoryFactoryBeanSupport.lambda$afterPropertiesSet$5(RepositoryFactoryBeanSupport.java:323) ~[spring-data-commons-2.4.8.jar:2.4.8]
	at org.springframework.data.util.Lazy.getNullable(Lazy.java:230) ~[spring-data-commons-2.4.8.jar:2.4.8]
	at org.springframework.data.util.Lazy.get(Lazy.java:114) ~[spring-data-commons-2.4.8.jar:2.4.8]
	at org.springframework.data.repository.core.support.RepositoryFactoryBeanSupport.afterPropertiesSet(RepositoryFactoryBeanSupport.java:329) ~[spring-data-commons-2.4.8.jar:2.4.8]
	at org.springframework.data.jpa.repository.support.JpaRepositoryFactoryBean.afterPropertiesSet(JpaRepositoryFactoryBean.java:144) ~[spring-data-jpa-2.4.8.jar:2.4.8]
	at org.springframework.beans.factory.support.AbstractAutowireCapableBeanFactory.invokeInitMethods(AbstractAutowireCapableBeanFactory.java:1845) ~[spring-beans-5.3.6.jar:5.3.6]
	at org.springframework.beans.factory.support.AbstractAutowireCapableBeanFactory.initializeBean(AbstractAutowireCapableBeanFactory.java:1782) ~[spring-beans-5.3.6.jar:5.3.6]
	... 17 common frames omitted

2021-04-19 17:16:52.832  INFO 3296 --- [main] c.s.spaceshark.ParksharkApplication      : Starting ParksharkApplication using Java 15.0.2 on FIN-1RR9TT2 with PID 3296 (C:\_development\.projects\Switchfully\test\parkshark\application\target\classes started by jdebra in C:\_development\.projects\Switchfully\test\parkshark)
2021-04-19 17:16:52.839  INFO 3296 --- [main] c.s.spaceshark.ParksharkApplication      : No active profile set, falling back to default profiles: default
2021-04-19 17:16:53.959  INFO 3296 --- [main] .s.d.r.c.RepositoryConfigurationDelegate : Bootstrapping Spring Data JPA repositories in DEFAULT mode.
2021-04-19 17:16:53.980  INFO 3296 --- [main] .s.d.r.c.RepositoryConfigurationDelegate : Finished Spring Data repository scanning in 6 ms. Found 0 JPA repository interfaces.
2021-04-19 17:16:54.810  INFO 3296 --- [main] o.s.b.w.embedded.tomcat.TomcatWebServer  : Tomcat initialized with port(s): 8080 (http)
2021-04-19 17:16:54.822  INFO 3296 --- [main] o.apache.catalina.core.StandardService   : Starting service [Tomcat]
2021-04-19 17:16:54.822  INFO 3296 --- [main] org.apache.catalina.core.StandardEngine  : Starting Servlet engine: [Apache Tomcat/9.0.45]
2021-04-19 17:16:54.929  INFO 3296 --- [main] o.a.c.c.C.[Tomcat].[localhost].[/]       : Initializing Spring embedded WebApplicationContext
2021-04-19 17:16:54.929  INFO 3296 --- [main] w.s.c.ServletWebServerApplicationContext : Root WebApplicationContext: initialization completed in 1970 ms
2021-04-19 17:16:55.159  INFO 3296 --- [main] o.f.c.internal.license.VersionPrinter    : Flyway Community Edition 7.1.1 by Redgate
2021-04-19 17:16:55.166  INFO 3296 --- [main] com.zaxxer.hikari.HikariDataSource       : HikariPool-1 - Starting...
2021-04-19 17:16:55.952  INFO 3296 --- [main] com.zaxxer.hikari.HikariDataSource       : HikariPool-1 - Start completed.
2021-04-19 17:16:56.052  INFO 3296 --- [main] o.f.c.i.database.base.DatabaseType       : Database: jdbc:postgresql://database-2.cuvv0osxzgmi.eu-west-3.rds.amazonaws.com:5432/jeroen (PostgreSQL 12.5)
2021-04-19 17:16:56.574  INFO 3296 --- [main] o.f.core.internal.command.DbValidate     : Successfully validated 1 migration (execution time 00:00.200s)
2021-04-19 17:16:56.796  INFO 3296 --- [main] o.f.core.internal.command.DbMigrate      : Current version of schema "parkshark": 1
2021-04-19 17:16:56.826  INFO 3296 --- [main] o.f.core.internal.command.DbMigrate      : Schema "parkshark" is up to date. No migration necessary.
2021-04-19 17:16:57.157  INFO 3296 --- [main] o.hibernate.jpa.internal.util.LogHelper  : HHH000204: Processing PersistenceUnitInfo [name: default]
2021-04-19 17:16:57.221  INFO 3296 --- [main] org.hibernate.Version                    : HHH000412: Hibernate ORM core version 5.4.30.Final
2021-04-19 17:16:57.411  INFO 3296 --- [main] o.hibernate.annotations.common.Version   : HCANN000001: Hibernate Commons Annotations {5.1.2.Final}
2021-04-19 17:16:57.639  INFO 3296 --- [main] org.hibernate.dialect.Dialect            : HHH000400: Using dialect: org.hibernate.dialect.PostgreSQL10Dialect
2021-04-19 17:16:58.312  INFO 3296 --- [main] o.h.e.t.j.p.i.JtaPlatformInitiator       : HHH000490: Using JtaPlatform implementation: [org.hibernate.engine.transaction.jta.platform.internal.NoJtaPlatform]
2021-04-19 17:16:58.329  INFO 3296 --- [main] j.LocalContainerEntityManagerFactoryBean : Initialized JPA EntityManagerFactory for persistence unit 'default'
2021-04-19 17:16:58.386  WARN 3296 --- [main] JpaBaseConfiguration$JpaWebConfiguration : spring.jpa.open-in-view is enabled by default. Therefore, database queries may be performed during view rendering. Explicitly configure spring.jpa.open-in-view to disable this warning
2021-04-19 17:16:58.563  INFO 3296 --- [main] o.s.s.concurrent.ThreadPoolTaskExecutor  : Initializing ExecutorService 'applicationTaskExecutor'
2021-04-19 17:16:58.946  INFO 3296 --- [main] o.s.b.w.embedded.tomcat.TomcatWebServer  : Tomcat started on port(s): 8080 (http) with context path ''
2021-04-19 17:16:58.959  INFO 3296 --- [main] c.s.spaceshark.ParksharkApplication      : Started ParksharkApplication in 7.09 seconds (JVM running for 8.837)
